<?xml version="1.0" encoding="UTF-8"?>
<!-- Generated by org.testng.reporters.JUnitReportReporter -->
<testsuite hostname="DESKTOP-K6P7A2K" failures="0" tests="1" name="bbOffer.AutoSugg" time="187.884" errors="0" timestamp="2023-10-20T05:43:16 IST" skipped="0">
  <testcase classname="bbOffer.AutoSugg" name="autoSuggests" time="187.884"/>
  <system-out/>
</testsuite> <!-- bbOffer.AutoSugg -->
