<?xml version="1.0" encoding="UTF-8"?>
<!-- Generated by org.testng.reporters.JUnitReportReporter -->
<testsuite hostname="DESKTOP-K6P7A2K" failures="0" tests="1" name="bbOffer.Categories" time="296.057" errors="0" timestamp="2023-10-22T21:06:28 IST" skipped="0">
  <testcase classname="bbOffer.Categories" name="categoriesBB" time="296.057"/>
  <system-out/>
</testsuite> <!-- bbOffer.Categories -->
