<?xml version="1.0" encoding="UTF-8"?>
<!-- Generated by org.testng.reporters.JUnitReportReporter -->
<testsuite hostname="DESKTOP-K6P7A2K" failures="0" tests="1" name="bbOffer.ShowMore" time="168.951" errors="0" timestamp="2023-10-21T01:21:34 IST" skipped="0">
  <testcase classname="bbOffer.ShowMore" name="searchShowMore" time="168.951"/>
  <system-out/>
</testsuite> <!-- bbOffer.ShowMore -->
